This file contains any messages produced by compilers while
running configure, to aid debugging if configure makes a mistake.

It was created by zbar configure 0.10, which was
generated by GNU Autoconf 2.69.  Invocation command line was

  $ ./configure --disable-video --without-imagemagick --without-python --without-qt

## --------- ##
## Platform. ##
## --------- ##

hostname = yzatsikha-ubuntu
uname -m = x86_64
uname -r = 3.13.0-39-generic
uname -s = Linux
uname -v = #66-Ubuntu SMP Tue Oct 28 13:30:27 UTC 2014

/usr/bin/uname -p = unknown
/bin/uname -X     = unknown

/bin/arch              = unknown
/usr/bin/arch -k       = unknown
/usr/convex/getsysinfo = unknown
/usr/bin/hostinfo      = unknown
/bin/machine           = unknown
/usr/bin/oslevel       = unknown
/bin/universe          = unknown

PATH: /home/yzatsikha/bin
PATH: /usr/local/sbin
PATH: /usr/local/bin
PATH: /usr/sbin
PATH: /usr/bin
PATH: /sbin
PATH: /bin
PATH: /usr/games
PATH: /usr/local/games


## ----------- ##
## Core tests. ##
## ----------- ##

configure:2797: checking for a BSD-compatible install
configure:2865: result: /usr/bin/install -c
configure:2876: checking whether build environment is sane
configure:2931: result: yes
configure:3082: checking for a thread-safe mkdir -p
configure:3121: result: /bin/mkdir -p
configure:3128: checking for gawk
configure:3144: found /usr/bin/gawk
configure:3155: result: gawk
configure:3166: checking whether make sets $(MAKE)
configure:3188: result: yes
configure:3217: checking whether make supports nested variables
configure:3234: result: yes
configure:3392: checking build system type
configure:3406: result: x86_64-unknown-linux-gnu
configure:3426: checking host system type
configure:3439: result: x86_64-unknown-linux-gnu
configure:3480: checking how to print strings
configure:3507: result: printf
configure:3540: checking for style of include used by make
configure:3568: result: GNU
configure:3639: checking for gcc
configure:3655: found /usr/bin/gcc
configure:3666: result: gcc
configure:3895: checking for C compiler version
configure:3904: gcc --version >&5
gcc (Ubuntu 4.8.2-19ubuntu1) 4.8.2
Copyright (C) 2013 Free Software Foundation, Inc.
This is free software; see the source for copying conditions.  There is NO
warranty; not even for MERCHANTABILITY or FITNESS FOR A PARTICULAR PURPOSE.

configure:3915: $? = 0
configure:3904: gcc -v >&5
Using built-in specs.
COLLECT_GCC=gcc
COLLECT_LTO_WRAPPER=/usr/lib/gcc/x86_64-linux-gnu/4.8/lto-wrapper
Target: x86_64-linux-gnu
Configured with: ../src/configure -v --with-pkgversion='Ubuntu 4.8.2-19ubuntu1' --with-bugurl=file:///usr/share/doc/gcc-4.8/README.Bugs --enable-languages=c,c++,java,go,d,fortran,objc,obj-c++ --prefix=/usr --program-suffix=-4.8 --enable-shared --enable-linker-build-id --libexecdir=/usr/lib --without-included-gettext --enable-threads=posix --with-gxx-include-dir=/usr/include/c++/4.8 --libdir=/usr/lib --enable-nls --with-sysroot=/ --enable-clocale=gnu --enable-libstdcxx-debug --enable-libstdcxx-time=yes --enable-gnu-unique-object --disable-libmudflap --enable-plugin --with-system-zlib --disable-browser-plugin --enable-java-awt=gtk --enable-gtk-cairo --with-java-home=/usr/lib/jvm/java-1.5.0-gcj-4.8-amd64/jre --enable-java-home --with-jvm-root-dir=/usr/lib/jvm/java-1.5.0-gcj-4.8-amd64 --with-jvm-jar-dir=/usr/lib/jvm-exports/java-1.5.0-gcj-4.8-amd64 --with-arch-directory=amd64 --with-ecj-jar=/usr/share/java/eclipse-ecj.jar --enable-objc-gc --enable-multiarch --disable-werror --with-arch-32=i686 --with-abi=m64 --with-multilib-list=m32,m64,mx32 --with-tune=generic --enable-checking=release --build=x86_64-linux-gnu --host=x86_64-linux-gnu --target=x86_64-linux-gnu
Thread model: posix
gcc version 4.8.2 (Ubuntu 4.8.2-19ubuntu1) 
configure:3915: $? = 0
configure:3904: gcc -V >&5
gcc: error: unrecognized command line option '-V'
gcc: fatal error: no input files
compilation terminated.
configure:3915: $? = 4
configure:3904: gcc -qversion >&5
gcc: error: unrecognized command line option '-qversion'
gcc: fatal error: no input files
compilation terminated.
configure:3915: $? = 4
configure:3935: checking whether the C compiler works
configure:3957: gcc    conftest.c  >&5
configure:3961: $? = 0
configure:4009: result: yes
configure:4012: checking for C compiler default output file name
configure:4014: result: a.out
configure:4020: checking for suffix of executables
configure:4027: gcc -o conftest    conftest.c  >&5
configure:4031: $? = 0
configure:4053: result: 
configure:4075: checking whether we are cross compiling
configure:4083: gcc -o conftest    conftest.c  >&5
configure:4087: $? = 0
configure:4094: ./conftest
configure:4098: $? = 0
configure:4113: result: no
configure:4118: checking for suffix of object files
configure:4140: gcc -c   conftest.c >&5
configure:4144: $? = 0
configure:4165: result: o
configure:4169: checking whether we are using the GNU C compiler
configure:4188: gcc -c   conftest.c >&5
configure:4188: $? = 0
configure:4197: result: yes
configure:4206: checking whether gcc accepts -g
configure:4226: gcc -c -g  conftest.c >&5
configure:4226: $? = 0
configure:4267: result: yes
configure:4284: checking for gcc option to accept ISO C89
configure:4347: gcc  -c -g -O2  conftest.c >&5
configure:4347: $? = 0
configure:4360: result: none needed
configure:4385: checking whether gcc understands -c and -o together
configure:4407: gcc -c conftest.c -o conftest2.o
configure:4410: $? = 0
configure:4407: gcc -c conftest.c -o conftest2.o
configure:4410: $? = 0
configure:4422: result: yes
configure:4441: checking dependency style of gcc
configure:4552: result: gcc3
configure:4567: checking for a sed that does not truncate output
configure:4631: result: /bin/sed
configure:4649: checking for grep that handles long lines and -e
configure:4707: result: /bin/grep
configure:4712: checking for egrep
configure:4774: result: /bin/grep -E
configure:4779: checking for fgrep
configure:4841: result: /bin/grep -F
configure:4876: checking for ld used by gcc
configure:4943: result: /usr/bin/ld
configure:4950: checking if the linker (/usr/bin/ld) is GNU ld
configure:4965: result: yes
configure:4977: checking for BSD- or MS-compatible name lister (nm)
configure:5026: result: /usr/bin/nm -B
configure:5156: checking the name lister (/usr/bin/nm -B) interface
configure:5163: gcc -c -g -O2  conftest.c >&5
configure:5166: /usr/bin/nm -B "conftest.o"
configure:5169: output
0000000000000000 B some_variable
configure:5176: result: BSD nm
configure:5179: checking whether ln -s works
configure:5183: result: yes
configure:5191: checking the maximum length of command line arguments
configure:5322: result: 1572864
configure:5339: checking whether the shell understands some XSI constructs
configure:5349: result: yes
configure:5353: checking whether the shell understands "+="
configure:5359: result: yes
configure:5394: checking how to convert x86_64-unknown-linux-gnu file names to x86_64-unknown-linux-gnu format
configure:5434: result: func_convert_file_noop
configure:5441: checking how to convert x86_64-unknown-linux-gnu file names to toolchain format
configure:5461: result: func_convert_file_noop
configure:5468: checking for /usr/bin/ld option to reload object files
configure:5475: result: -r
configure:5549: checking for objdump
configure:5565: found /usr/bin/objdump
configure:5576: result: objdump
configure:5605: checking how to recognize dependent libraries
configure:5803: result: pass_all
configure:5888: checking for dlltool
configure:5918: result: no
configure:5945: checking how to associate runtime and link libraries
configure:5972: result: printf %s\n
configure:6033: checking for ar
configure:6049: found /usr/bin/ar
configure:6060: result: ar
configure:6097: checking for archiver @FILE support
configure:6114: gcc -c -g -O2  conftest.c >&5
configure:6114: $? = 0
configure:6117: ar cru libconftest.a @conftest.lst >&5
configure:6120: $? = 0
configure:6125: ar cru libconftest.a @conftest.lst >&5
ar: conftest.o: No such file or directory
configure:6128: $? = 1
configure:6140: result: @
configure:6198: checking for strip
configure:6214: found /usr/bin/strip
configure:6225: result: strip
configure:6297: checking for ranlib
configure:6313: found /usr/bin/ranlib
configure:6324: result: ranlib
configure:6426: checking command to parse /usr/bin/nm -B output from gcc object
configure:6546: gcc -c -g -O2  conftest.c >&5
configure:6549: $? = 0
configure:6553: /usr/bin/nm -B conftest.o \| sed -n -e 's/^.*[ ]\([ABCDGIRSTW][ABCDGIRSTW]*\)[ ][ ]*\([_A-Za-z][_A-Za-z0-9]*\)$/\1 \2 \2/p' | sed '/ __gnu_lto/d' \> conftest.nm
configure:6556: $? = 0
configure:6622: gcc -o conftest -g -O2   conftest.c conftstm.o >&5
configure:6625: $? = 0
configure:6663: result: ok
configure:6700: checking for sysroot
configure:6730: result: no
configure:6807: gcc -c -g -O2  conftest.c >&5
configure:6810: $? = 0
configure:6999: checking for mt
configure:7015: found /bin/mt
configure:7026: result: mt
configure:7049: checking if mt is a manifest tool
configure:7055: mt '-?'
configure:7063: result: no
configure:7705: checking how to run the C preprocessor
configure:7736: gcc -E  conftest.c
configure:7736: $? = 0
configure:7750: gcc -E  conftest.c
conftest.c:11:28: fatal error: ac_nonexistent.h: No such file or directory
 #include <ac_nonexistent.h>
                            ^
compilation terminated.
configure:7750: $? = 1
configure: failed program was:
| /* confdefs.h */
| #define PACKAGE_NAME "zbar"
| #define PACKAGE_TARNAME "zbar"
| #define PACKAGE_VERSION "0.10"
| #define PACKAGE_STRING "zbar 0.10"
| #define PACKAGE_BUGREPORT "spadix@users.sourceforge.net"
| #define PACKAGE_URL ""
| #define PACKAGE "zbar"
| #define VERSION "0.10"
| /* end confdefs.h.  */
| #include <ac_nonexistent.h>
configure:7775: result: gcc -E
configure:7795: gcc -E  conftest.c
configure:7795: $? = 0
configure:7809: gcc -E  conftest.c
conftest.c:11:28: fatal error: ac_nonexistent.h: No such file or directory
 #include <ac_nonexistent.h>
                            ^
compilation terminated.
configure:7809: $? = 1
configure: failed program was:
| /* confdefs.h */
| #define PACKAGE_NAME "zbar"
| #define PACKAGE_TARNAME "zbar"
| #define PACKAGE_VERSION "0.10"
| #define PACKAGE_STRING "zbar 0.10"
| #define PACKAGE_BUGREPORT "spadix@users.sourceforge.net"
| #define PACKAGE_URL ""
| #define PACKAGE "zbar"
| #define VERSION "0.10"
| /* end confdefs.h.  */
| #include <ac_nonexistent.h>
configure:7838: checking for ANSI C header files
configure:7858: gcc -c -g -O2  conftest.c >&5
configure:7858: $? = 0
configure:7931: gcc -o conftest -g -O2   conftest.c  >&5
configure:7931: $? = 0
configure:7931: ./conftest
configure:7931: $? = 0
configure:7942: result: yes
configure:7955: checking for sys/types.h
configure:7955: gcc -c -g -O2  conftest.c >&5
configure:7955: $? = 0
configure:7955: result: yes
configure:7955: checking for sys/stat.h
configure:7955: gcc -c -g -O2  conftest.c >&5
configure:7955: $? = 0
configure:7955: result: yes
configure:7955: checking for stdlib.h
configure:7955: gcc -c -g -O2  conftest.c >&5
configure:7955: $? = 0
configure:7955: result: yes
configure:7955: checking for string.h
configure:7955: gcc -c -g -O2  conftest.c >&5
configure:7955: $? = 0
configure:7955: result: yes
configure:7955: checking for memory.h
configure:7955: gcc -c -g -O2  conftest.c >&5
configure:7955: $? = 0
configure:7955: result: yes
configure:7955: checking for strings.h
configure:7955: gcc -c -g -O2  conftest.c >&5
configure:7955: $? = 0
configure:7955: result: yes
configure:7955: checking for inttypes.h
configure:7955: gcc -c -g -O2  conftest.c >&5
configure:7955: $? = 0
configure:7955: result: yes
configure:7955: checking for stdint.h
configure:7955: gcc -c -g -O2  conftest.c >&5
configure:7955: $? = 0
configure:7955: result: yes
configure:7955: checking for unistd.h
configure:7955: gcc -c -g -O2  conftest.c >&5
configure:7955: $? = 0
configure:7955: result: yes
configure:7969: checking for dlfcn.h
configure:7969: gcc -c -g -O2  conftest.c >&5
configure:7969: $? = 0
configure:7969: result: yes
configure:8472: checking for objdir
configure:8487: result: .libs
configure:8758: checking if gcc supports -fno-rtti -fno-exceptions
configure:8776: gcc -c -g -O2  -fno-rtti -fno-exceptions conftest.c >&5
cc1: warning: command line option '-fno-rtti' is valid for C++/ObjC++ but not for C [enabled by default]
configure:8780: $? = 0
configure:8793: result: no
configure:9120: checking for gcc option to produce PIC
configure:9127: result: -fPIC -DPIC
configure:9135: checking if gcc PIC flag -fPIC -DPIC works
configure:9153: gcc -c -g -O2  -fPIC -DPIC -DPIC conftest.c >&5
configure:9157: $? = 0
configure:9170: result: yes
configure:9199: checking if gcc static flag -static works
configure:9227: result: yes
configure:9242: checking if gcc supports -c -o file.o
configure:9263: gcc -c -g -O2  -o out/conftest2.o conftest.c >&5
configure:9267: $? = 0
configure:9289: result: yes
configure:9297: checking if gcc supports -c -o file.o
configure:9344: result: yes
configure:9377: checking whether the gcc linker (/usr/bin/ld -m elf_x86_64) supports shared libraries
configure:10534: result: yes
configure:10571: checking whether -lc should be explicitly linked in
configure:10579: gcc -c -g -O2  conftest.c >&5
configure:10582: $? = 0
configure:10597: gcc -shared  -fPIC -DPIC conftest.o  -v -Wl,-soname -Wl,conftest -o conftest 2\>\&1 \| /bin/grep  -lc  \>/dev/null 2\>\&1
configure:10600: $? = 0
configure:10614: result: no
configure:10774: checking dynamic linker characteristics
configure:11274: gcc -o conftest -g -O2   -Wl,-rpath -Wl,/foo conftest.c  >&5
configure:11274: $? = 0
configure:11508: result: GNU/Linux ld.so
configure:11615: checking how to hardcode library paths into programs
configure:11640: result: immediate
configure:11734: checking for shl_load
configure:11734: gcc -o conftest -g -O2   conftest.c  >&5
/tmp/ccYg2QwR.o: In function `main':
/home/yzatsikha/date_sorted/2015/03_17/ZBar/conftest.c:57: undefined reference to `shl_load'
collect2: error: ld returned 1 exit status
configure:11734: $? = 1
configure: failed program was:
| /* confdefs.h */
| #define PACKAGE_NAME "zbar"
| #define PACKAGE_TARNAME "zbar"
| #define PACKAGE_VERSION "0.10"
| #define PACKAGE_STRING "zbar 0.10"
| #define PACKAGE_BUGREPORT "spadix@users.sourceforge.net"
| #define PACKAGE_URL ""
| #define PACKAGE "zbar"
| #define VERSION "0.10"
| #define STDC_HEADERS 1
| #define HAVE_SYS_TYPES_H 1
| #define HAVE_SYS_STAT_H 1
| #define HAVE_STDLIB_H 1
| #define HAVE_STRING_H 1
| #define HAVE_MEMORY_H 1
| #define HAVE_STRINGS_H 1
| #define HAVE_INTTYPES_H 1
| #define HAVE_STDINT_H 1
| #define HAVE_UNISTD_H 1
| #define HAVE_DLFCN_H 1
| #define LT_OBJDIR ".libs/"
| /* end confdefs.h.  */
| /* Define shl_load to an innocuous variant, in case <limits.h> declares shl_load.
|    For example, HP-UX 11i <limits.h> declares gettimeofday.  */
| #define shl_load innocuous_shl_load
| 
| /* System header to define __stub macros and hopefully few prototypes,
|     which can conflict with char shl_load (); below.
|     Prefer <limits.h> to <assert.h> if __STDC__ is defined, since
|     <limits.h> exists even on freestanding compilers.  */
| 
| #ifdef __STDC__
| # include <limits.h>
| #else
| # include <assert.h>
| #endif
| 
| #undef shl_load
| 
| /* Override any GCC internal prototype to avoid an error.
|    Use char because int might match the return type of a GCC
|    builtin and then its argument prototype would still apply.  */
| #ifdef __cplusplus
| extern "C"
| #endif
| char shl_load ();
| /* The GNU C library defines this for functions which it implements
|     to always fail with ENOSYS.  Some functions are actually named
|     something starting with __ and the normal name is an alias.  */
| #if defined __stub_shl_load || defined __stub___shl_load
| choke me
| #endif
| 
| int
| main ()
| {
| return shl_load ();
|   ;
|   return 0;
| }
configure:11734: result: no
configure:11738: checking for shl_load in -ldld
configure:11763: gcc -o conftest -g -O2   conftest.c -ldld   >&5
/usr/bin/ld: cannot find -ldld
collect2: error: ld returned 1 exit status
configure:11763: $? = 1
configure: failed program was:
| /* confdefs.h */
| #define PACKAGE_NAME "zbar"
| #define PACKAGE_TARNAME "zbar"
| #define PACKAGE_VERSION "0.10"
| #define PACKAGE_STRING "zbar 0.10"
| #define PACKAGE_BUGREPORT "spadix@users.sourceforge.net"
| #define PACKAGE_URL ""
| #define PACKAGE "zbar"
| #define VERSION "0.10"
| #define STDC_HEADERS 1
| #define HAVE_SYS_TYPES_H 1
| #define HAVE_SYS_STAT_H 1
| #define HAVE_STDLIB_H 1
| #define HAVE_STRING_H 1
| #define HAVE_MEMORY_H 1
| #define HAVE_STRINGS_H 1
| #define HAVE_INTTYPES_H 1
| #define HAVE_STDINT_H 1
| #define HAVE_UNISTD_H 1
| #define HAVE_DLFCN_H 1
| #define LT_OBJDIR ".libs/"
| /* end confdefs.h.  */
| 
| /* Override any GCC internal prototype to avoid an error.
|    Use char because int might match the return type of a GCC
|    builtin and then its argument prototype would still apply.  */
| #ifdef __cplusplus
| extern "C"
| #endif
| char shl_load ();
| int
| main ()
| {
| return shl_load ();
|   ;
|   return 0;
| }
configure:11772: result: no
configure:11777: checking for dlopen
configure:11777: gcc -o conftest -g -O2   conftest.c  >&5
/tmp/ccYqQtPZ.o: In function `main':
/home/yzatsikha/date_sorted/2015/03_17/ZBar/conftest.c:57: undefined reference to `dlopen'
collect2: error: ld returned 1 exit status
configure:11777: $? = 1
configure: failed program was:
| /* confdefs.h */
| #define PACKAGE_NAME "zbar"
| #define PACKAGE_TARNAME "zbar"
| #define PACKAGE_VERSION "0.10"
| #define PACKAGE_STRING "zbar 0.10"
| #define PACKAGE_BUGREPORT "spadix@users.sourceforge.net"
| #define PACKAGE_URL ""
| #define PACKAGE "zbar"
| #define VERSION "0.10"
| #define STDC_HEADERS 1
| #define HAVE_SYS_TYPES_H 1
| #define HAVE_SYS_STAT_H 1
| #define HAVE_STDLIB_H 1
| #define HAVE_STRING_H 1
| #define HAVE_MEMORY_H 1
| #define HAVE_STRINGS_H 1
| #define HAVE_INTTYPES_H 1
| #define HAVE_STDINT_H 1
| #define HAVE_UNISTD_H 1
| #define HAVE_DLFCN_H 1
| #define LT_OBJDIR ".libs/"
| /* end confdefs.h.  */
| /* Define dlopen to an innocuous variant, in case <limits.h> declares dlopen.
|    For example, HP-UX 11i <limits.h> declares gettimeofday.  */
| #define dlopen innocuous_dlopen
| 
| /* System header to define __stub macros and hopefully few prototypes,
|     which can conflict with char dlopen (); below.
|     Prefer <limits.h> to <assert.h> if __STDC__ is defined, since
|     <limits.h> exists even on freestanding compilers.  */
| 
| #ifdef __STDC__
| # include <limits.h>
| #else
| # include <assert.h>
| #endif
| 
| #undef dlopen
| 
| /* Override any GCC internal prototype to avoid an error.
|    Use char because int might match the return type of a GCC
|    builtin and then its argument prototype would still apply.  */
| #ifdef __cplusplus
| extern "C"
| #endif
| char dlopen ();
| /* The GNU C library defines this for functions which it implements
|     to always fail with ENOSYS.  Some functions are actually named
|     something starting with __ and the normal name is an alias.  */
| #if defined __stub_dlopen || defined __stub___dlopen
| choke me
| #endif
| 
| int
| main ()
| {
| return dlopen ();
|   ;
|   return 0;
| }
configure:11777: result: no
configure:11781: checking for dlopen in -ldl
configure:11806: gcc -o conftest -g -O2   conftest.c -ldl   >&5
configure:11806: $? = 0
configure:11815: result: yes
configure:11934: checking whether a program can dlopen itself
configure:12014: gcc -o conftest -g -O2  -DHAVE_DLFCN_H  -Wl,--export-dynamic conftest.c -ldl  >&5
configure:12017: $? = 0
configure:12035: result: yes
configure:12040: checking whether a statically linked program can dlopen itself
configure:12120: gcc -o conftest -g -O2  -DHAVE_DLFCN_H  -Wl,--export-dynamic -static conftest.c -ldl  >&5
/tmp/ccJ46J8h.o: In function `main':
/home/yzatsikha/date_sorted/2015/03_17/ZBar/configure:12099: warning: Using 'dlopen' in statically linked applications requires at runtime the shared libraries from the glibc version used for linking
/usr/bin/ld: dynamic STT_GNU_IFUNC symbol `strcmp' with pointer equality in `/usr/lib/gcc/x86_64-linux-gnu/4.8/../../../x86_64-linux-gnu/libc.a(strcmp.o)' can not be used when making an executable; recompile with -fPIE and relink with -pie
collect2: error: ld returned 1 exit status
configure:12123: $? = 1
configure:12141: result: no
configure:12180: checking whether stripping libraries is possible
configure:12185: result: yes
configure:12220: checking if libtool supports shared libraries
configure:12222: result: yes
configure:12225: checking whether to build shared libraries
configure:12246: result: yes
configure:12249: checking whether to build static libraries
configure:12253: result: yes
configure:12333: checking for windres
configure:12363: result: no
configure:12585: checking for gcc
configure:12612: result: gcc
configure:12841: checking for C compiler version
configure:12850: gcc --version >&5
gcc (Ubuntu 4.8.2-19ubuntu1) 4.8.2
Copyright (C) 2013 Free Software Foundation, Inc.
This is free software; see the source for copying conditions.  There is NO
warranty; not even for MERCHANTABILITY or FITNESS FOR A PARTICULAR PURPOSE.

configure:12861: $? = 0
configure:12850: gcc -v >&5
Using built-in specs.
COLLECT_GCC=gcc
COLLECT_LTO_WRAPPER=/usr/lib/gcc/x86_64-linux-gnu/4.8/lto-wrapper
Target: x86_64-linux-gnu
Configured with: ../src/configure -v --with-pkgversion='Ubuntu 4.8.2-19ubuntu1' --with-bugurl=file:///usr/share/doc/gcc-4.8/README.Bugs --enable-languages=c,c++,java,go,d,fortran,objc,obj-c++ --prefix=/usr --program-suffix=-4.8 --enable-shared --enable-linker-build-id --libexecdir=/usr/lib --without-included-gettext --enable-threads=posix --with-gxx-include-dir=/usr/include/c++/4.8 --libdir=/usr/lib --enable-nls --with-sysroot=/ --enable-clocale=gnu --enable-libstdcxx-debug --enable-libstdcxx-time=yes --enable-gnu-unique-object --disable-libmudflap --enable-plugin --with-system-zlib --disable-browser-plugin --enable-java-awt=gtk --enable-gtk-cairo --with-java-home=/usr/lib/jvm/java-1.5.0-gcj-4.8-amd64/jre --enable-java-home --with-jvm-root-dir=/usr/lib/jvm/java-1.5.0-gcj-4.8-amd64 --with-jvm-jar-dir=/usr/lib/jvm-exports/java-1.5.0-gcj-4.8-amd64 --with-arch-directory=amd64 --with-ecj-jar=/usr/share/java/eclipse-ecj.jar --enable-objc-gc --enable-multiarch --disable-werror --with-arch-32=i686 --with-abi=m64 --with-multilib-list=m32,m64,mx32 --with-tune=generic --enable-checking=release --build=x86_64-linux-gnu --host=x86_64-linux-gnu --target=x86_64-linux-gnu
Thread model: posix
gcc version 4.8.2 (Ubuntu 4.8.2-19ubuntu1) 
configure:12861: $? = 0
configure:12850: gcc -V >&5
gcc: error: unrecognized command line option '-V'
gcc: fatal error: no input files
compilation terminated.
configure:12861: $? = 4
configure:12850: gcc -qversion >&5
gcc: error: unrecognized command line option '-qversion'
gcc: fatal error: no input files
compilation terminated.
configure:12861: $? = 4
configure:12865: checking whether we are using the GNU C compiler
configure:12893: result: yes
configure:12902: checking whether gcc accepts -g
configure:12963: result: yes
configure:12980: checking for gcc option to accept ISO C89
configure:13056: result: none needed
configure:13081: checking whether gcc understands -c and -o together
configure:13118: result: yes
configure:13137: checking dependency style of gcc
configure:13248: result: gcc3
configure:13322: checking for g++
configure:13338: found /usr/bin/g++
configure:13349: result: g++
configure:13376: checking for C++ compiler version
configure:13385: g++ --version >&5
g++ (Ubuntu 4.8.2-19ubuntu1) 4.8.2
Copyright (C) 2013 Free Software Foundation, Inc.
This is free software; see the source for copying conditions.  There is NO
warranty; not even for MERCHANTABILITY or FITNESS FOR A PARTICULAR PURPOSE.

configure:13396: $? = 0
configure:13385: g++ -v >&5
Using built-in specs.
COLLECT_GCC=g++
COLLECT_LTO_WRAPPER=/usr/lib/gcc/x86_64-linux-gnu/4.8/lto-wrapper
Target: x86_64-linux-gnu
Configured with: ../src/configure -v --with-pkgversion='Ubuntu 4.8.2-19ubuntu1' --with-bugurl=file:///usr/share/doc/gcc-4.8/README.Bugs --enable-languages=c,c++,java,go,d,fortran,objc,obj-c++ --prefix=/usr --program-suffix=-4.8 --enable-shared --enable-linker-build-id --libexecdir=/usr/lib --without-included-gettext --enable-threads=posix --with-gxx-include-dir=/usr/include/c++/4.8 --libdir=/usr/lib --enable-nls --with-sysroot=/ --enable-clocale=gnu --enable-libstdcxx-debug --enable-libstdcxx-time=yes --enable-gnu-unique-object --disable-libmudflap --enable-plugin --with-system-zlib --disable-browser-plugin --enable-java-awt=gtk --enable-gtk-cairo --with-java-home=/usr/lib/jvm/java-1.5.0-gcj-4.8-amd64/jre --enable-java-home --with-jvm-root-dir=/usr/lib/jvm/java-1.5.0-gcj-4.8-amd64 --with-jvm-jar-dir=/usr/lib/jvm-exports/java-1.5.0-gcj-4.8-amd64 --with-arch-directory=amd64 --with-ecj-jar=/usr/share/java/eclipse-ecj.jar --enable-objc-gc --enable-multiarch --disable-werror --with-arch-32=i686 --with-abi=m64 --with-multilib-list=m32,m64,mx32 --with-tune=generic --enable-checking=release --build=x86_64-linux-gnu --host=x86_64-linux-gnu --target=x86_64-linux-gnu
Thread model: posix
gcc version 4.8.2 (Ubuntu 4.8.2-19ubuntu1) 
configure:13396: $? = 0
configure:13385: g++ -V >&5
g++: error: unrecognized command line option '-V'
g++: fatal error: no input files
compilation terminated.
configure:13396: $? = 4
configure:13385: g++ -qversion >&5
g++: error: unrecognized command line option '-qversion'
g++: fatal error: no input files
compilation terminated.
configure:13396: $? = 4
configure:13400: checking whether we are using the GNU C++ compiler
configure:13419: g++ -c   conftest.cpp >&5
configure:13419: $? = 0
configure:13428: result: yes
configure:13437: checking whether g++ accepts -g
configure:13457: g++ -c -g  conftest.cpp >&5
configure:13457: $? = 0
configure:13498: result: yes
configure:13523: checking dependency style of g++
configure:13634: result: gcc3
configure:13667: checking how to run the C++ preprocessor
configure:13694: g++ -E  conftest.cpp
configure:13694: $? = 0
configure:13708: g++ -E  conftest.cpp
conftest.cpp:28:28: fatal error: ac_nonexistent.h: No such file or directory
 #include <ac_nonexistent.h>
                            ^
compilation terminated.
configure:13708: $? = 1
configure: failed program was:
| /* confdefs.h */
| #define PACKAGE_NAME "zbar"
| #define PACKAGE_TARNAME "zbar"
| #define PACKAGE_VERSION "0.10"
| #define PACKAGE_STRING "zbar 0.10"
| #define PACKAGE_BUGREPORT "spadix@users.sourceforge.net"
| #define PACKAGE_URL ""
| #define PACKAGE "zbar"
| #define VERSION "0.10"
| #define STDC_HEADERS 1
| #define HAVE_SYS_TYPES_H 1
| #define HAVE_SYS_STAT_H 1
| #define HAVE_STDLIB_H 1
| #define HAVE_STRING_H 1
| #define HAVE_MEMORY_H 1
| #define HAVE_STRINGS_H 1
| #define HAVE_INTTYPES_H 1
| #define HAVE_STDINT_H 1
| #define HAVE_UNISTD_H 1
| #define HAVE_DLFCN_H 1
| #define LT_OBJDIR ".libs/"
| #define ZBAR_VERSION_MAJOR 0
| #define ZBAR_VERSION_MINOR 10
| #define LIB_VERSION_MAJOR 0
| #define LIB_VERSION_MINOR 2
| #define LIB_VERSION_REVISION 0
| /* end confdefs.h.  */
| #include <ac_nonexistent.h>
configure:13733: result: g++ -E
configure:13753: g++ -E  conftest.cpp
configure:13753: $? = 0
configure:13767: g++ -E  conftest.cpp
conftest.cpp:28:28: fatal error: ac_nonexistent.h: No such file or directory
 #include <ac_nonexistent.h>
                            ^
compilation terminated.
configure:13767: $? = 1
configure: failed program was:
| /* confdefs.h */
| #define PACKAGE_NAME "zbar"
| #define PACKAGE_TARNAME "zbar"
| #define PACKAGE_VERSION "0.10"
| #define PACKAGE_STRING "zbar 0.10"
| #define PACKAGE_BUGREPORT "spadix@users.sourceforge.net"
| #define PACKAGE_URL ""
| #define PACKAGE "zbar"
| #define VERSION "0.10"
| #define STDC_HEADERS 1
| #define HAVE_SYS_TYPES_H 1
| #define HAVE_SYS_STAT_H 1
| #define HAVE_STDLIB_H 1
| #define HAVE_STRING_H 1
| #define HAVE_MEMORY_H 1
| #define HAVE_STRINGS_H 1
| #define HAVE_INTTYPES_H 1
| #define HAVE_STDINT_H 1
| #define HAVE_UNISTD_H 1
| #define HAVE_DLFCN_H 1
| #define LT_OBJDIR ".libs/"
| #define ZBAR_VERSION_MAJOR 0
| #define ZBAR_VERSION_MINOR 10
| #define LIB_VERSION_MAJOR 0
| #define LIB_VERSION_MINOR 2
| #define LIB_VERSION_REVISION 0
| /* end confdefs.h.  */
| #include <ac_nonexistent.h>
configure:13936: checking for ld used by g++
configure:14003: result: /usr/bin/ld -m elf_x86_64
configure:14010: checking if the linker (/usr/bin/ld -m elf_x86_64) is GNU ld
configure:14025: result: yes
configure:14080: checking whether the g++ linker (/usr/bin/ld -m elf_x86_64) supports shared libraries
configure:15082: result: yes
configure:15118: g++ -c -g -O2  conftest.cpp >&5
configure:15121: $? = 0
configure:15641: checking for g++ option to produce PIC
configure:15648: result: -fPIC -DPIC
configure:15656: checking if g++ PIC flag -fPIC -DPIC works
configure:15674: g++ -c -g -O2  -fPIC -DPIC -DPIC conftest.cpp >&5
configure:15678: $? = 0
configure:15691: result: yes
configure:15714: checking if g++ static flag -static works
configure:15742: result: yes
configure:15754: checking if g++ supports -c -o file.o
configure:15775: g++ -c -g -O2  -o out/conftest2.o conftest.cpp >&5
configure:15779: $? = 0
configure:15801: result: yes
configure:15806: checking if g++ supports -c -o file.o
configure:15853: result: yes
configure:15883: checking whether the g++ linker (/usr/bin/ld -m elf_x86_64) supports shared libraries
configure:15922: result: yes
configure:16063: checking dynamic linker characteristics
configure:16731: result: GNU/Linux ld.so
configure:16784: checking how to hardcode library paths into programs
configure:16809: result: immediate
configure:16904: checking for pkg-config
configure:16922: found /usr/bin/pkg-config
configure:16934: result: /usr/bin/pkg-config
configure:16959: checking pkg-config is at least version 0.9.0
configure:16962: result: yes
configure:16977: checking for xmlto
configure:17007: result: no
configure:17030: checking for javac
configure:17048: found /usr/bin/javac
configure:17060: result: /usr/bin/javac
configure:17081: checking for javah
configure:17099: found /usr/bin/javah
configure:17111: result: /usr/bin/javah
configure:17129: checking for jar
configure:17147: found /usr/bin/jar
configure:17159: result: /usr/bin/jar
configure:17180: checking for java
configure:17198: found /usr/bin/java
configure:17210: result: /usr/bin/java
configure:17239: checking whether to build EAN symbologies
configure:17260: result: yes
configure:17264: checking whether to build DataBar symbology
configure:17285: result: yes
configure:17289: checking whether to build Code 128 symbology
configure:17310: result: yes
configure:17314: checking whether to build Code 93 symbology
configure:17335: result: yes
configure:17339: checking whether to build Code 39 symbology
configure:17360: result: yes
configure:17364: checking whether to build Codabar symbology
configure:17385: result: yes
configure:17389: checking whether to build Interleaved 2 of 5 symbology
configure:17410: result: yes
configure:17414: checking whether to build QR Code
configure:17435: result: yes
configure:17439: checking whether to build PDF417 symbology
configure:17460: result: no
configure:17465: checking for library containing clock_gettime
configure:17496: gcc -o conftest -g -O2   conftest.c  >&5
configure:17496: $? = 0
configure:17513: result: none required
configure:17562: checking for ld used by gcc
configure:17629: result: /usr/bin/ld -m elf_x86_64
configure:17636: checking if the linker (/usr/bin/ld -m elf_x86_64) is GNU ld
configure:17651: result: yes
configure:17658: checking for shared library run path origin
configure:17671: result: done
configure:18249: checking for iconv
configure:18273: gcc -o conftest -g -O2   conftest.c  >&5
configure:18273: $? = 0
configure:18307: result: yes
configure:18310: checking for working iconv
configure:18430: gcc -o conftest -g -O2   conftest.c  >&5
configure:18430: $? = 0
configure:18430: ./conftest
configure:18430: $? = 0
configure:18442: result: yes
configure:18470: checking for iconv declaration
configure:18499: gcc -c -g -O2  conftest.c >&5
configure:18499: $? = 0
configure:18510: result:
         extern size_t iconv (iconv_t cd, char * *inbuf, size_t *inbytesleft, char * *outbuf, size_t *outbytesleft);
configure:18525: checking poll.h usability
configure:18525: gcc -c -g -O2  conftest.c >&5
configure:18525: $? = 0
configure:18525: result: yes
configure:18525: checking poll.h presence
configure:18525: gcc -E  conftest.c
configure:18525: $? = 0
configure:18525: result: yes
configure:18525: checking for poll.h
configure:18525: result: yes
configure:18563: checking pthread.h usability
configure:18563: gcc -c -g -O2  conftest.c >&5
configure:18563: $? = 0
configure:18563: result: yes
configure:18563: checking pthread.h presence
configure:18563: gcc -E  conftest.c
configure:18563: $? = 0
configure:18563: result: yes
configure:18563: checking for pthread.h
configure:18563: result: yes
configure:18579: checking for pthread_create in -lpthread
configure:18604: gcc -o conftest -g -O2   conftest.c -lpthread   >&5
configure:18604: $? = 0
configure:18613: result: yes
configure:18733: checking for X
configure:18841: gcc -E  conftest.c
configure:18841: $? = 0
configure:18872: gcc -o conftest -g -O2   conftest.c -lX11 -lpthread  >&5
configure:18872: $? = 0
configure:18922: result: libraries , headers 
configure:19024: gcc -o conftest -g -O2   conftest.c -lpthread   -lX11 >&5
configure:19024: $? = 0
configure:19122: checking for gethostbyname
configure:19122: gcc -o conftest -g -O2   conftest.c -lpthread  >&5
configure:19122: $? = 0
configure:19122: result: yes
configure:19219: checking for connect
configure:19219: gcc -o conftest -g -O2   conftest.c -lpthread  >&5
configure:19219: $? = 0
configure:19219: result: yes
configure:19268: checking for remove
configure:19268: gcc -o conftest -g -O2   conftest.c -lpthread  >&5
configure:19268: $? = 0
configure:19268: result: yes
configure:19317: checking for shmat
configure:19317: gcc -o conftest -g -O2   conftest.c -lpthread  >&5
configure:19317: $? = 0
configure:19317: result: yes
configure:19375: checking for IceConnectionNumber in -lICE
configure:19400: gcc -o conftest -g -O2   conftest.c -lICE  -lpthread  >&5
configure:19400: $? = 0
configure:19409: result: yes
configure:19445: checking for X11/extensions/XShm.h
configure:19445: gcc -c -g -O2  conftest.c >&5
configure:19445: $? = 0
configure:19445: result: yes
configure:19471: checking for XShmQueryVersion in -lXext
configure:19496: gcc -o conftest -g -O2   conftest.c -lXext   -lSM -lICE -lX11  -lXext -lpthread  >&5
configure:19496: $? = 0
configure:19505: result: yes
configure:19546: checking for X11/extensions/Xvlib.h
configure:19546: gcc -c -g -O2  conftest.c >&5
conftest.c:46:34: fatal error: X11/extensions/Xvlib.h: No such file or directory
 #include <X11/extensions/Xvlib.h>
                                  ^
compilation terminated.
configure:19546: $? = 1
configure: failed program was:
| /* confdefs.h */
| #define PACKAGE_NAME "zbar"
| #define PACKAGE_TARNAME "zbar"
| #define PACKAGE_VERSION "0.10"
| #define PACKAGE_STRING "zbar 0.10"
| #define PACKAGE_BUGREPORT "spadix@users.sourceforge.net"
| #define PACKAGE_URL ""
| #define PACKAGE "zbar"
| #define VERSION "0.10"
| #define STDC_HEADERS 1
| #define HAVE_SYS_TYPES_H 1
| #define HAVE_SYS_STAT_H 1
| #define HAVE_STDLIB_H 1
| #define HAVE_STRING_H 1
| #define HAVE_MEMORY_H 1
| #define HAVE_STRINGS_H 1
| #define HAVE_INTTYPES_H 1
| #define HAVE_STDINT_H 1
| #define HAVE_UNISTD_H 1
| #define HAVE_DLFCN_H 1
| #define LT_OBJDIR ".libs/"
| #define ZBAR_VERSION_MAJOR 0
| #define ZBAR_VERSION_MINOR 10
| #define LIB_VERSION_MAJOR 0
| #define LIB_VERSION_MINOR 2
| #define LIB_VERSION_REVISION 0
| #define ENABLE_EAN 1
| #define ENABLE_DATABAR 1
| #define ENABLE_CODE128 1
| #define ENABLE_CODE93 1
| #define ENABLE_CODE39 1
| #define ENABLE_CODABAR 1
| #define ENABLE_I25 1
| #define ENABLE_QRCODE 1
| #define HAVE_ICONV 1
| #define ICONV_CONST 
| #define HAVE_POLL_H 1
| #define HAVE_PTHREAD_H 1
| #define HAVE_LIBPTHREAD 1
| #define __USE_UNIX98 1
| #define HAVE_X11_EXTENSIONS_XSHM_H 1
| /* end confdefs.h.  */
| #include <X11/Xlib.h>
| 
| 
| #include <X11/extensions/Xvlib.h>
configure:19546: result: no
configure:19642: checking jpeglib.h usability
configure:19642: gcc -c -g -O2  conftest.c >&5
configure:19642: $? = 0
configure:19642: result: yes
configure:19642: checking jpeglib.h presence
configure:19642: gcc -E  conftest.c
configure:19642: $? = 0
configure:19642: result: yes
configure:19642: checking for jpeglib.h
configure:19642: result: yes
configure:19654: checking jerror.h usability
configure:19654: gcc -c -g -O2  conftest.c >&5
configure:19654: $? = 0
configure:19654: result: yes
configure:19654: checking jerror.h presence
configure:19654: gcc -E  conftest.c
configure:19654: $? = 0
configure:19654: result: yes
configure:19654: checking for jerror.h
configure:19654: result: yes
configure:19662: checking for jpeg_read_header in -ljpeg
configure:19687: gcc -o conftest -g -O2   conftest.c -ljpeg  -lpthread  >&5
configure:19687: $? = 0
configure:19696: result: yes
configure:20091: image scanning disabled -- zbarimg will *not* be built
configure:20268: checking for GTK
configure:20275: $PKG_CONFIG --exists --print-errors "gtk+-2.0 gthread-2.0"
configure:20278: $? = 0
configure:20292: $PKG_CONFIG --exists --print-errors "gtk+-2.0 gthread-2.0"
configure:20295: $? = 0
configure:20353: result: yes
configure:20359: using GTK+ version 2.24.23
configure:20362: using gthread-2.0 version 2.40.2
configure:20975: checking jni.h usability
configure:20975: gcc -c -g -O2   conftest.c >&5
conftest.c:78:17: fatal error: jni.h: No such file or directory
 #include <jni.h>
                 ^
compilation terminated.
configure:20975: $? = 1
configure: failed program was:
| /* confdefs.h */
| #define PACKAGE_NAME "zbar"
| #define PACKAGE_TARNAME "zbar"
| #define PACKAGE_VERSION "0.10"
| #define PACKAGE_STRING "zbar 0.10"
| #define PACKAGE_BUGREPORT "spadix@users.sourceforge.net"
| #define PACKAGE_URL ""
| #define PACKAGE "zbar"
| #define VERSION "0.10"
| #define STDC_HEADERS 1
| #define HAVE_SYS_TYPES_H 1
| #define HAVE_SYS_STAT_H 1
| #define HAVE_STDLIB_H 1
| #define HAVE_STRING_H 1
| #define HAVE_MEMORY_H 1
| #define HAVE_STRINGS_H 1
| #define HAVE_INTTYPES_H 1
| #define HAVE_STDINT_H 1
| #define HAVE_UNISTD_H 1
| #define HAVE_DLFCN_H 1
| #define LT_OBJDIR ".libs/"
| #define ZBAR_VERSION_MAJOR 0
| #define ZBAR_VERSION_MINOR 10
| #define LIB_VERSION_MAJOR 0
| #define LIB_VERSION_MINOR 2
| #define LIB_VERSION_REVISION 0
| #define ENABLE_EAN 1
| #define ENABLE_DATABAR 1
| #define ENABLE_CODE128 1
| #define ENABLE_CODE93 1
| #define ENABLE_CODE39 1
| #define ENABLE_CODABAR 1
| #define ENABLE_I25 1
| #define ENABLE_QRCODE 1
| #define HAVE_ICONV 1
| #define ICONV_CONST 
| #define HAVE_POLL_H 1
| #define HAVE_PTHREAD_H 1
| #define HAVE_LIBPTHREAD 1
| #define __USE_UNIX98 1
| #define HAVE_X11_EXTENSIONS_XSHM_H 1
| #define HAVE_JPEGLIB_H 1
| #define HAVE_LIBJPEG 1
| /* end confdefs.h.  */
| #include <stdio.h>
| #ifdef HAVE_SYS_TYPES_H
| # include <sys/types.h>
| #endif
| #ifdef HAVE_SYS_STAT_H
| # include <sys/stat.h>
| #endif
| #ifdef STDC_HEADERS
| # include <stdlib.h>
| # include <stddef.h>
| #else
| # ifdef HAVE_STDLIB_H
| #  include <stdlib.h>
| # endif
| #endif
| #ifdef HAVE_STRING_H
| # if !defined STDC_HEADERS && defined HAVE_MEMORY_H
| #  include <memory.h>
| # endif
| # include <string.h>
| #endif
| #ifdef HAVE_STRINGS_H
| # include <strings.h>
| #endif
| #ifdef HAVE_INTTYPES_H
| # include <inttypes.h>
| #endif
| #ifdef HAVE_STDINT_H
| # include <stdint.h>
| #endif
| #ifdef HAVE_UNISTD_H
| # include <unistd.h>
| #endif
| #include <jni.h>
configure:20975: result: no
configure:20975: checking jni.h presence
configure:20975: gcc -E   conftest.c
conftest.c:45:17: fatal error: jni.h: No such file or directory
 #include <jni.h>
                 ^
compilation terminated.
configure:20975: $? = 1
configure: failed program was:
| /* confdefs.h */
| #define PACKAGE_NAME "zbar"
| #define PACKAGE_TARNAME "zbar"
| #define PACKAGE_VERSION "0.10"
| #define PACKAGE_STRING "zbar 0.10"
| #define PACKAGE_BUGREPORT "spadix@users.sourceforge.net"
| #define PACKAGE_URL ""
| #define PACKAGE "zbar"
| #define VERSION "0.10"
| #define STDC_HEADERS 1
| #define HAVE_SYS_TYPES_H 1
| #define HAVE_SYS_STAT_H 1
| #define HAVE_STDLIB_H 1
| #define HAVE_STRING_H 1
| #define HAVE_MEMORY_H 1
| #define HAVE_STRINGS_H 1
| #define HAVE_INTTYPES_H 1
| #define HAVE_STDINT_H 1
| #define HAVE_UNISTD_H 1
| #define HAVE_DLFCN_H 1
| #define LT_OBJDIR ".libs/"
| #define ZBAR_VERSION_MAJOR 0
| #define ZBAR_VERSION_MINOR 10
| #define LIB_VERSION_MAJOR 0
| #define LIB_VERSION_MINOR 2
| #define LIB_VERSION_REVISION 0
| #define ENABLE_EAN 1
| #define ENABLE_DATABAR 1
| #define ENABLE_CODE128 1
| #define ENABLE_CODE93 1
| #define ENABLE_CODE39 1
| #define ENABLE_CODABAR 1
| #define ENABLE_I25 1
| #define ENABLE_QRCODE 1
| #define HAVE_ICONV 1
| #define ICONV_CONST 
| #define HAVE_POLL_H 1
| #define HAVE_PTHREAD_H 1
| #define HAVE_LIBPTHREAD 1
| #define __USE_UNIX98 1
| #define HAVE_X11_EXTENSIONS_XSHM_H 1
| #define HAVE_JPEGLIB_H 1
| #define HAVE_LIBJPEG 1
| /* end confdefs.h.  */
| #include <jni.h>
configure:20975: result: no
configure:20975: checking for jni.h
configure:20975: result: no
configure:21009: checking whether to enable assertions
configure:21027: result: yes
configure:21035: checking errno.h usability
configure:21035: gcc -c -g -O2  conftest.c >&5
configure:21035: $? = 0
configure:21035: result: yes
configure:21035: checking errno.h presence
configure:21035: gcc -E  conftest.c
configure:21035: $? = 0
configure:21035: result: yes
configure:21035: checking for errno.h
configure:21035: result: yes
configure:21035: checking fcntl.h usability
configure:21035: gcc -c -g -O2  conftest.c >&5
configure:21035: $? = 0
configure:21035: result: yes
configure:21035: checking fcntl.h presence
configure:21035: gcc -E  conftest.c
configure:21035: $? = 0
configure:21035: result: yes
configure:21035: checking for fcntl.h
configure:21035: result: yes
configure:21035: checking features.h usability
configure:21035: gcc -c -g -O2  conftest.c >&5
configure:21035: $? = 0
configure:21035: result: yes
configure:21035: checking features.h presence
configure:21035: gcc -E  conftest.c
configure:21035: $? = 0
configure:21035: result: yes
configure:21035: checking for features.h
configure:21035: result: yes
configure:21035: checking for inttypes.h
configure:21035: result: yes
configure:21035: checking for stdlib.h
configure:21035: result: yes
configure:21035: checking for string.h
configure:21035: result: yes
configure:21035: checking for unistd.h
configure:21035: result: yes
configure:21035: checking for sys/types.h
configure:21035: result: yes
configure:21035: checking for sys/stat.h
configure:21035: result: yes
configure:21035: checking sys/ioctl.h usability
configure:21035: gcc -c -g -O2  conftest.c >&5
configure:21035: $? = 0
configure:21035: result: yes
configure:21035: checking sys/ioctl.h presence
configure:21035: gcc -E  conftest.c
configure:21035: $? = 0
configure:21035: result: yes
configure:21035: checking for sys/ioctl.h
configure:21035: result: yes
configure:21035: checking sys/time.h usability
configure:21035: gcc -c -g -O2  conftest.c >&5
configure:21035: $? = 0
configure:21035: result: yes
configure:21035: checking sys/time.h presence
configure:21035: gcc -E  conftest.c
configure:21035: $? = 0
configure:21035: result: yes
configure:21035: checking for sys/time.h
configure:21035: result: yes
configure:21035: checking sys/times.h usability
configure:21035: gcc -c -g -O2  conftest.c >&5
configure:21035: $? = 0
configure:21035: result: yes
configure:21035: checking sys/times.h presence
configure:21035: gcc -E  conftest.c
configure:21035: $? = 0
configure:21035: result: yes
configure:21035: checking for sys/times.h
configure:21035: result: yes
configure:21035: checking sys/ipc.h usability
configure:21035: gcc -c -g -O2  conftest.c >&5
configure:21035: $? = 0
configure:21035: result: yes
configure:21035: checking sys/ipc.h presence
configure:21035: gcc -E  conftest.c
configure:21035: $? = 0
configure:21035: result: yes
configure:21035: checking for sys/ipc.h
configure:21035: result: yes
configure:21035: checking sys/shm.h usability
configure:21035: gcc -c -g -O2  conftest.c >&5
configure:21035: $? = 0
configure:21035: result: yes
configure:21035: checking sys/shm.h presence
configure:21035: gcc -E  conftest.c
configure:21035: $? = 0
configure:21035: result: yes
configure:21035: checking for sys/shm.h
configure:21035: result: yes
configure:21035: checking sys/mman.h usability
configure:21035: gcc -c -g -O2  conftest.c >&5
configure:21035: $? = 0
configure:21035: result: yes
configure:21035: checking sys/mman.h presence
configure:21035: gcc -E  conftest.c
configure:21035: $? = 0
configure:21035: result: yes
configure:21035: checking for sys/mman.h
configure:21035: result: yes
configure:21047: checking for int32_t
configure:21047: gcc -c -g -O2  conftest.c >&5
configure:21047: $? = 0
configure:21047: gcc -c -g -O2  conftest.c >&5
conftest.c: In function 'main':
conftest.c:98:53: warning: integer overflow in expression [-Woverflow]
    < (int32_t) (((((int32_t) 1 << N) << N) - 1) * 2 + 2))];
                                                     ^
conftest.c:97:12: error: storage size of 'test_array' isn't constant
 static int test_array [1 - 2 * !((int32_t) (((((int32_t) 1 << N) << N) - 1) * 2 + 1)
            ^
configure:21047: $? = 1
configure: failed program was:
| /* confdefs.h */
| #define PACKAGE_NAME "zbar"
| #define PACKAGE_TARNAME "zbar"
| #define PACKAGE_VERSION "0.10"
| #define PACKAGE_STRING "zbar 0.10"
| #define PACKAGE_BUGREPORT "spadix@users.sourceforge.net"
| #define PACKAGE_URL ""
| #define PACKAGE "zbar"
| #define VERSION "0.10"
| #define STDC_HEADERS 1
| #define HAVE_SYS_TYPES_H 1
| #define HAVE_SYS_STAT_H 1
| #define HAVE_STDLIB_H 1
| #define HAVE_STRING_H 1
| #define HAVE_MEMORY_H 1
| #define HAVE_STRINGS_H 1
| #define HAVE_INTTYPES_H 1
| #define HAVE_STDINT_H 1
| #define HAVE_UNISTD_H 1
| #define HAVE_DLFCN_H 1
| #define LT_OBJDIR ".libs/"
| #define ZBAR_VERSION_MAJOR 0
| #define ZBAR_VERSION_MINOR 10
| #define LIB_VERSION_MAJOR 0
| #define LIB_VERSION_MINOR 2
| #define LIB_VERSION_REVISION 0
| #define ENABLE_EAN 1
| #define ENABLE_DATABAR 1
| #define ENABLE_CODE128 1
| #define ENABLE_CODE93 1
| #define ENABLE_CODE39 1
| #define ENABLE_CODABAR 1
| #define ENABLE_I25 1
| #define ENABLE_QRCODE 1
| #define HAVE_ICONV 1
| #define ICONV_CONST 
| #define HAVE_POLL_H 1
| #define HAVE_PTHREAD_H 1
| #define HAVE_LIBPTHREAD 1
| #define __USE_UNIX98 1
| #define HAVE_X11_EXTENSIONS_XSHM_H 1
| #define HAVE_JPEGLIB_H 1
| #define HAVE_LIBJPEG 1
| #define HAVE_ERRNO_H 1
| #define HAVE_FCNTL_H 1
| #define HAVE_FEATURES_H 1
| #define HAVE_INTTYPES_H 1
| #define HAVE_STDLIB_H 1
| #define HAVE_STRING_H 1
| #define HAVE_UNISTD_H 1
| #define HAVE_SYS_TYPES_H 1
| #define HAVE_SYS_STAT_H 1
| #define HAVE_SYS_IOCTL_H 1
| #define HAVE_SYS_TIME_H 1
| #define HAVE_SYS_TIMES_H 1
| #define HAVE_SYS_IPC_H 1
| #define HAVE_SYS_SHM_H 1
| #define HAVE_SYS_MMAN_H 1
| /* end confdefs.h.  */
| #include <stdio.h>
| #ifdef HAVE_SYS_TYPES_H
| # include <sys/types.h>
| #endif
| #ifdef HAVE_SYS_STAT_H
| # include <sys/stat.h>
| #endif
| #ifdef STDC_HEADERS
| # include <stdlib.h>
| # include <stddef.h>
| #else
| # ifdef HAVE_STDLIB_H
| #  include <stdlib.h>
| # endif
| #endif
| #ifdef HAVE_STRING_H
| # if !defined STDC_HEADERS && defined HAVE_MEMORY_H
| #  include <memory.h>
| # endif
| # include <string.h>
| #endif
| #ifdef HAVE_STRINGS_H
| # include <strings.h>
| #endif
| #ifdef HAVE_INTTYPES_H
| # include <inttypes.h>
| #endif
| #ifdef HAVE_STDINT_H
| # include <stdint.h>
| #endif
| #ifdef HAVE_UNISTD_H
| # include <unistd.h>
| #endif
| 	        enum { N = 32 / 2 - 1 };
| int
| main ()
| {
| static int test_array [1 - 2 * !((int32_t) (((((int32_t) 1 << N) << N) - 1) * 2 + 1)
| 		 < (int32_t) (((((int32_t) 1 << N) << N) - 1) * 2 + 2))];
| test_array [0] = 0;
| return test_array [0];
| 
|   ;
|   return 0;
| }
configure:21047: result: yes
configure:21058: checking for uint32_t
configure:21058: gcc -c -g -O2  conftest.c >&5
configure:21058: $? = 0
configure:21058: result: yes
configure:21072: checking for uint8_t
configure:21072: gcc -c -g -O2  conftest.c >&5
configure:21072: $? = 0
configure:21072: result: yes
configure:21087: checking for uintptr_t
configure:21087: gcc -c -g -O2  conftest.c >&5
configure:21087: $? = 0
configure:21087: gcc -c -g -O2  conftest.c >&5
conftest.c: In function 'main':
conftest.c:96:24: error: expected expression before ')' token
 if (sizeof ((uintptr_t)))
                        ^
configure:21087: $? = 1
configure: failed program was:
| /* confdefs.h */
| #define PACKAGE_NAME "zbar"
| #define PACKAGE_TARNAME "zbar"
| #define PACKAGE_VERSION "0.10"
| #define PACKAGE_STRING "zbar 0.10"
| #define PACKAGE_BUGREPORT "spadix@users.sourceforge.net"
| #define PACKAGE_URL ""
| #define PACKAGE "zbar"
| #define VERSION "0.10"
| #define STDC_HEADERS 1
| #define HAVE_SYS_TYPES_H 1
| #define HAVE_SYS_STAT_H 1
| #define HAVE_STDLIB_H 1
| #define HAVE_STRING_H 1
| #define HAVE_MEMORY_H 1
| #define HAVE_STRINGS_H 1
| #define HAVE_INTTYPES_H 1
| #define HAVE_STDINT_H 1
| #define HAVE_UNISTD_H 1
| #define HAVE_DLFCN_H 1
| #define LT_OBJDIR ".libs/"
| #define ZBAR_VERSION_MAJOR 0
| #define ZBAR_VERSION_MINOR 10
| #define LIB_VERSION_MAJOR 0
| #define LIB_VERSION_MINOR 2
| #define LIB_VERSION_REVISION 0
| #define ENABLE_EAN 1
| #define ENABLE_DATABAR 1
| #define ENABLE_CODE128 1
| #define ENABLE_CODE93 1
| #define ENABLE_CODE39 1
| #define ENABLE_CODABAR 1
| #define ENABLE_I25 1
| #define ENABLE_QRCODE 1
| #define HAVE_ICONV 1
| #define ICONV_CONST 
| #define HAVE_POLL_H 1
| #define HAVE_PTHREAD_H 1
| #define HAVE_LIBPTHREAD 1
| #define __USE_UNIX98 1
| #define HAVE_X11_EXTENSIONS_XSHM_H 1
| #define HAVE_JPEGLIB_H 1
| #define HAVE_LIBJPEG 1
| #define HAVE_ERRNO_H 1
| #define HAVE_FCNTL_H 1
| #define HAVE_FEATURES_H 1
| #define HAVE_INTTYPES_H 1
| #define HAVE_STDLIB_H 1
| #define HAVE_STRING_H 1
| #define HAVE_UNISTD_H 1
| #define HAVE_SYS_TYPES_H 1
| #define HAVE_SYS_STAT_H 1
| #define HAVE_SYS_IOCTL_H 1
| #define HAVE_SYS_TIME_H 1
| #define HAVE_SYS_TIMES_H 1
| #define HAVE_SYS_IPC_H 1
| #define HAVE_SYS_SHM_H 1
| #define HAVE_SYS_MMAN_H 1
| /* end confdefs.h.  */
| #include <stdio.h>
| #ifdef HAVE_SYS_TYPES_H
| # include <sys/types.h>
| #endif
| #ifdef HAVE_SYS_STAT_H
| # include <sys/stat.h>
| #endif
| #ifdef STDC_HEADERS
| # include <stdlib.h>
| # include <stddef.h>
| #else
| # ifdef HAVE_STDLIB_H
| #  include <stdlib.h>
| # endif
| #endif
| #ifdef HAVE_STRING_H
| # if !defined STDC_HEADERS && defined HAVE_MEMORY_H
| #  include <memory.h>
| # endif
| # include <string.h>
| #endif
| #ifdef HAVE_STRINGS_H
| # include <strings.h>
| #endif
| #ifdef HAVE_INTTYPES_H
| # include <inttypes.h>
| #endif
| #ifdef HAVE_STDINT_H
| # include <stdint.h>
| #endif
| #ifdef HAVE_UNISTD_H
| # include <unistd.h>
| #endif
| int
| main ()
| {
| if (sizeof ((uintptr_t)))
| 	    return 0;
|   ;
|   return 0;
| }
configure:21087: result: yes
configure:21125: checking for an ANSI C-conforming const
configure:21191: gcc -c -g -O2  conftest.c >&5
configure:21191: $? = 0
configure:21198: result: yes
configure:21206: checking for inline
configure:21222: gcc -c -g -O2  conftest.c >&5
configure:21222: $? = 0
configure:21230: result: inline
configure:21256: checking for stdlib.h
configure:21256: result: yes
configure:21256: checking for unistd.h
configure:21256: result: yes
configure:21256: checking for sys/param.h
configure:21256: gcc -c -g -O2  conftest.c >&5
configure:21256: $? = 0
configure:21256: result: yes
configure:21276: checking for getpagesize
configure:21276: gcc -o conftest -g -O2   conftest.c -ljpeg -lpthread  >&5
configure:21276: $? = 0
configure:21276: result: yes
configure:21285: checking for working mmap
configure:21432: gcc -o conftest -g -O2   conftest.c -ljpeg -lpthread  >&5
configure:21432: $? = 0
configure:21432: ./conftest
configure:21432: $? = 0
configure:21442: result: yes
configure:21454: checking for memset
configure:21454: gcc -o conftest -g -O2   conftest.c -ljpeg -lpthread  >&5
conftest.c:89:6: warning: conflicting types for built-in function 'memset' [enabled by default]
 char memset ();
      ^
configure:21454: $? = 0
configure:21454: result: yes
configure:21454: checking for atexit
configure:21454: gcc -o conftest -g -O2   conftest.c -ljpeg -lpthread  >&5
configure:21454: $? = 0
configure:21454: result: yes
configure:21454: checking for setenv
configure:21454: gcc -o conftest -g -O2   conftest.c -ljpeg -lpthread  >&5
configure:21454: $? = 0
configure:21454: result: yes
configure:21581: checking that generated files are newer than configure
configure:21587: result: done
configure:21714: creating ./config.status

## ---------------------- ##
## Running config.status. ##
## ---------------------- ##

This file was extended by zbar config.status 0.10, which was
generated by GNU Autoconf 2.69.  Invocation command line was

  CONFIG_FILES    = 
  CONFIG_HEADERS  = 
  CONFIG_LINKS    = 
  CONFIG_COMMANDS = 
  $ ./config.status 

on yzatsikha-ubuntu

config.status:1358: creating Makefile
config.status:1358: creating java/Makefile
config.status:1358: creating zbar.pc
config.status:1358: creating zbar-gtk.pc
config.status:1358: creating zbar-qt.pc
config.status:1358: creating include/config.h
config.status:1587: executing depfiles commands
config.status:1587: executing libtool commands
config.status:1587: executing doc/version.xml commands
config.status:1587: executing doc/reldate.xml commands

## ---------------- ##
## Cache variables. ##
## ---------------- ##

ac_cv_build=x86_64-unknown-linux-gnu
ac_cv_c_compiler_gnu=yes
ac_cv_c_const=yes
ac_cv_c_inline=inline
ac_cv_c_int32_t=yes
ac_cv_c_uint32_t=yes
ac_cv_c_uint8_t=yes
ac_cv_cxx_compiler_gnu=yes
ac_cv_env_CCC_set=
ac_cv_env_CCC_value=
ac_cv_env_CC_set=
ac_cv_env_CC_value=
ac_cv_env_CFLAGS_set=
ac_cv_env_CFLAGS_value=
ac_cv_env_CLASSPATH_set=
ac_cv_env_CLASSPATH_value=
ac_cv_env_CPPFLAGS_set=
ac_cv_env_CPPFLAGS_value=
ac_cv_env_CPP_set=
ac_cv_env_CPP_value=
ac_cv_env_CXXCPP_set=
ac_cv_env_CXXCPP_value=
ac_cv_env_CXXFLAGS_set=
ac_cv_env_CXXFLAGS_value=
ac_cv_env_CXX_set=
ac_cv_env_CXX_value=
ac_cv_env_GLIB_GENMARSHAL_set=
ac_cv_env_GLIB_GENMARSHAL_value=
ac_cv_env_GTK_CFLAGS_set=
ac_cv_env_GTK_CFLAGS_value=
ac_cv_env_GTK_LIBS_set=
ac_cv_env_GTK_LIBS_value=
ac_cv_env_JAR_set=
ac_cv_env_JAR_value=
ac_cv_env_JAVAC_set=
ac_cv_env_JAVAC_value=
ac_cv_env_JAVAH_set=
ac_cv_env_JAVAH_value=
ac_cv_env_JAVA_CFLAGS_set=
ac_cv_env_JAVA_CFLAGS_value=
ac_cv_env_JAVA_HOME_set=
ac_cv_env_JAVA_HOME_value=
ac_cv_env_JAVA_set=
ac_cv_env_JAVA_value=
ac_cv_env_LDFLAGS_set=
ac_cv_env_LDFLAGS_value=
ac_cv_env_LIBS_set=
ac_cv_env_LIBS_value=
ac_cv_env_MAGICK_CFLAGS_set=
ac_cv_env_MAGICK_CFLAGS_value=
ac_cv_env_MAGICK_LIBS_set=
ac_cv_env_MAGICK_LIBS_value=
ac_cv_env_MOC_set=
ac_cv_env_MOC_value=
ac_cv_env_NPAPI_CFLAGS_set=
ac_cv_env_NPAPI_CFLAGS_value=
ac_cv_env_NPAPI_LIBS_set=
ac_cv_env_NPAPI_LIBS_value=
ac_cv_env_PKG_CONFIG_LIBDIR_set=
ac_cv_env_PKG_CONFIG_LIBDIR_value=
ac_cv_env_PKG_CONFIG_PATH_set=
ac_cv_env_PKG_CONFIG_PATH_value=
ac_cv_env_PKG_CONFIG_set=
ac_cv_env_PKG_CONFIG_value=
ac_cv_env_PYGTK_CFLAGS_set=
ac_cv_env_PYGTK_CFLAGS_value=
ac_cv_env_PYGTK_CODEGEN_set=
ac_cv_env_PYGTK_CODEGEN_value=
ac_cv_env_PYGTK_DEFS_set=
ac_cv_env_PYGTK_DEFS_value=
ac_cv_env_PYGTK_H2DEF_set=
ac_cv_env_PYGTK_H2DEF_value=
ac_cv_env_PYGTK_LIBS_set=
ac_cv_env_PYGTK_LIBS_value=
ac_cv_env_PYTHON_CFLAGS_set=
ac_cv_env_PYTHON_CFLAGS_value=
ac_cv_env_PYTHON_CONFIG_set=
ac_cv_env_PYTHON_CONFIG_value=
ac_cv_env_PYTHON_LIBS_set=
ac_cv_env_PYTHON_LIBS_value=
ac_cv_env_PYTHON_set=
ac_cv_env_PYTHON_value=
ac_cv_env_QT_CFLAGS_set=
ac_cv_env_QT_CFLAGS_value=
ac_cv_env_QT_LIBS_set=
ac_cv_env_QT_LIBS_value=
ac_cv_env_XMKMF_set=
ac_cv_env_XMKMF_value=
ac_cv_env_XMLTOFLAGS_set=
ac_cv_env_XMLTOFLAGS_value=
ac_cv_env_XMLTO_set=
ac_cv_env_XMLTO_value=
ac_cv_env_XSHM_LIBS_set=
ac_cv_env_XSHM_LIBS_value=
ac_cv_env_XV_LIBS_set=
ac_cv_env_XV_LIBS_value=
ac_cv_env_build_alias_set=
ac_cv_env_build_alias_value=
ac_cv_env_host_alias_set=
ac_cv_env_host_alias_value=
ac_cv_env_target_alias_set=
ac_cv_env_target_alias_value=
ac_cv_func_atexit=yes
ac_cv_func_connect=yes
ac_cv_func_dlopen=no
ac_cv_func_gethostbyname=yes
ac_cv_func_getpagesize=yes
ac_cv_func_memset=yes
ac_cv_func_mmap_fixed_mapped=yes
ac_cv_func_remove=yes
ac_cv_func_setenv=yes
ac_cv_func_shl_load=no
ac_cv_func_shmat=yes
ac_cv_have_x='have_x=yes	ac_x_includes='\'''\''	ac_x_libraries='\'''\'''
ac_cv_header_X11_extensions_XShm_h=yes
ac_cv_header_X11_extensions_Xvlib_h=no
ac_cv_header_dlfcn_h=yes
ac_cv_header_errno_h=yes
ac_cv_header_fcntl_h=yes
ac_cv_header_features_h=yes
ac_cv_header_inttypes_h=yes
ac_cv_header_jerror_h=yes
ac_cv_header_jni_h=no
ac_cv_header_jpeglib_h=yes
ac_cv_header_memory_h=yes
ac_cv_header_poll_h=yes
ac_cv_header_pthread_h=yes
ac_cv_header_stdc=yes
ac_cv_header_stdint_h=yes
ac_cv_header_stdlib_h=yes
ac_cv_header_string_h=yes
ac_cv_header_strings_h=yes
ac_cv_header_sys_ioctl_h=yes
ac_cv_header_sys_ipc_h=yes
ac_cv_header_sys_mman_h=yes
ac_cv_header_sys_param_h=yes
ac_cv_header_sys_shm_h=yes
ac_cv_header_sys_stat_h=yes
ac_cv_header_sys_time_h=yes
ac_cv_header_sys_times_h=yes
ac_cv_header_sys_types_h=yes
ac_cv_header_unistd_h=yes
ac_cv_host=x86_64-unknown-linux-gnu
ac_cv_lib_ICE_IceConnectionNumber=yes
ac_cv_lib_Xext_XShmQueryVersion=yes
ac_cv_lib_dl_dlopen=yes
ac_cv_lib_dld_shl_load=no
ac_cv_lib_jpeg_jpeg_read_header=yes
ac_cv_lib_pthread_pthread_create=yes
ac_cv_objext=o
ac_cv_path_EGREP='/bin/grep -E'
ac_cv_path_FGREP='/bin/grep -F'
ac_cv_path_GREP=/bin/grep
ac_cv_path_JAR=/usr/bin/jar
ac_cv_path_JAVA=/usr/bin/java
ac_cv_path_JAVAC=/usr/bin/javac
ac_cv_path_JAVAH=/usr/bin/javah
ac_cv_path_SED=/bin/sed
ac_cv_path_ac_pt_PKG_CONFIG=/usr/bin/pkg-config
ac_cv_path_install='/usr/bin/install -c'
ac_cv_path_mkdir=/bin/mkdir
ac_cv_prog_AWK=gawk
ac_cv_prog_CPP='gcc -E'
ac_cv_prog_CXXCPP='g++ -E'
ac_cv_prog_ac_ct_AR=ar
ac_cv_prog_ac_ct_CC=gcc
ac_cv_prog_ac_ct_CXX=g++
ac_cv_prog_ac_ct_MANIFEST_TOOL=mt
ac_cv_prog_ac_ct_OBJDUMP=objdump
ac_cv_prog_ac_ct_RANLIB=ranlib
ac_cv_prog_ac_ct_STRIP=strip
ac_cv_prog_cc_c89=
ac_cv_prog_cc_g=yes
ac_cv_prog_cxx_g=yes
ac_cv_prog_make_make_set=yes
ac_cv_search_clock_gettime='none required'
ac_cv_type_uintptr_t=yes
acl_cv_hardcode_direct=no
acl_cv_hardcode_libdir_flag_spec='${wl}-rpath ${wl}$libdir'
acl_cv_hardcode_libdir_separator=
acl_cv_hardcode_minus_L=no
acl_cv_libext=a
acl_cv_libname_spec='lib$name'
acl_cv_library_names_spec='$libname$shrext'
acl_cv_path_LD='/usr/bin/ld -m elf_x86_64'
acl_cv_prog_gnu_ld=yes
acl_cv_rpath=done
acl_cv_shlibext=so
acl_cv_wl=-Wl,
am_cv_CC_dependencies_compiler_type=gcc3
am_cv_CXX_dependencies_compiler_type=gcc3
am_cv_func_iconv=yes
am_cv_func_iconv_works=yes
am_cv_lib_iconv=no
am_cv_make_support_nested_variables=yes
am_cv_prog_cc_c_o=yes
am_cv_proto_iconv='extern size_t iconv (iconv_t cd, char * *inbuf, size_t *inbytesleft, char * *outbuf, size_t *outbytesleft);'
am_cv_proto_iconv_arg1=
lt_cv_ar_at_file=@
lt_cv_archive_cmds_need_lc=no
lt_cv_deplibs_check_method=pass_all
lt_cv_dlopen=dlopen
lt_cv_dlopen_libs=-ldl
lt_cv_dlopen_self=yes
lt_cv_dlopen_self_static=no
lt_cv_file_magic_cmd='$MAGIC_CMD'
lt_cv_file_magic_test_file=
lt_cv_ld_reload_flag=-r
lt_cv_nm_interface='BSD nm'
lt_cv_objdir=.libs
lt_cv_path_LD=/usr/bin/ld
lt_cv_path_LDCXX='/usr/bin/ld -m elf_x86_64'
lt_cv_path_NM='/usr/bin/nm -B'
lt_cv_path_mainfest_tool=no
lt_cv_prog_compiler_c_o=yes
lt_cv_prog_compiler_c_o_CXX=yes
lt_cv_prog_compiler_c_o_RC=yes
lt_cv_prog_compiler_pic='-fPIC -DPIC'
lt_cv_prog_compiler_pic_CXX='-fPIC -DPIC'
lt_cv_prog_compiler_pic_works=yes
lt_cv_prog_compiler_pic_works_CXX=yes
lt_cv_prog_compiler_rtti_exceptions=no
lt_cv_prog_compiler_static_works=yes
lt_cv_prog_compiler_static_works_CXX=yes
lt_cv_prog_gnu_ld=yes
lt_cv_prog_gnu_ldcxx=yes
lt_cv_sharedlib_from_linklib_cmd='printf %s\n'
lt_cv_shlibpath_overrides_runpath=no
lt_cv_sys_global_symbol_pipe='sed -n -e '\''s/^.*[	 ]\([ABCDGIRSTW][ABCDGIRSTW]*\)[	 ][	 ]*\([_A-Za-z][_A-Za-z0-9]*\)$/\1 \2 \2/p'\'' | sed '\''/ __gnu_lto/d'\'''
lt_cv_sys_global_symbol_to_c_name_address='sed -n -e '\''s/^: \([^ ]*\)[ ]*$/  {\"\1\", (void *) 0},/p'\'' -e '\''s/^[ABCDGIRSTW]* \([^ ]*\) \([^ ]*\)$/  {"\2", (void *) \&\2},/p'\'''
lt_cv_sys_global_symbol_to_c_name_address_lib_prefix='sed -n -e '\''s/^: \([^ ]*\)[ ]*$/  {\"\1\", (void *) 0},/p'\'' -e '\''s/^[ABCDGIRSTW]* \([^ ]*\) \(lib[^ ]*\)$/  {"\2", (void *) \&\2},/p'\'' -e '\''s/^[ABCDGIRSTW]* \([^ ]*\) \([^ ]*\)$/  {"lib\2", (void *) \&\2},/p'\'''
lt_cv_sys_global_symbol_to_cdecl='sed -n -e '\''s/^T .* \(.*\)$/extern int \1();/p'\'' -e '\''s/^[ABCDGIRSTW]* .* \(.*\)$/extern char \1;/p'\'''
lt_cv_sys_max_cmd_len=1572864
lt_cv_to_host_file_cmd=func_convert_file_noop
lt_cv_to_tool_file_cmd=func_convert_file_noop
pkg_cv_GTK_CFLAGS='-pthread -I/usr/include/gtk-2.0 -I/usr/lib/x86_64-linux-gnu/gtk-2.0/include -I/usr/include/atk-1.0 -I/usr/include/cairo -I/usr/include/gdk-pixbuf-2.0 -I/usr/include/pango-1.0 -I/usr/include/gio-unix-2.0/ -I/usr/include/freetype2 -I/usr/include/glib-2.0 -I/usr/lib/x86_64-linux-gnu/glib-2.0/include -I/usr/include/pixman-1 -I/usr/include/libpng12 -I/usr/include/harfbuzz  '
pkg_cv_GTK_LIBS='-pthread -lgtk-x11-2.0 -lgdk-x11-2.0 -latk-1.0 -lgio-2.0 -lpangoft2-1.0 -lpangocairo-1.0 -lgdk_pixbuf-2.0 -lcairo -lpango-1.0 -lfontconfig -lgobject-2.0 -lfreetype -lgthread-2.0 -lglib-2.0  '

## ----------------- ##
## Output variables. ##
## ----------------- ##

ACLOCAL='${SHELL} /home/yzatsikha/date_sorted/2015/03_17/ZBar/config/missing aclocal-1.14'
AMDEPBACKSLASH='\'
AMDEP_FALSE='#'
AMDEP_TRUE=''
AMTAR='$${TAR-tar}'
AM_BACKSLASH='\'
AM_CFLAGS=''
AM_CPPFLAGS='-I./include'
AM_CXXFLAGS=''
AM_DEFAULT_V='$(AM_DEFAULT_VERBOSITY)'
AM_DEFAULT_VERBOSITY='1'
AM_V='$(V)'
AR='ar'
AS='as'
AUTOCONF='${SHELL} /home/yzatsikha/date_sorted/2015/03_17/ZBar/config/missing autoconf'
AUTOHEADER='${SHELL} /home/yzatsikha/date_sorted/2015/03_17/ZBar/config/missing autoheader'
AUTOMAKE='${SHELL} /home/yzatsikha/date_sorted/2015/03_17/ZBar/config/missing automake-1.14'
AWK='gawk'
CC='gcc'
CCDEPMODE='depmode=gcc3'
CFLAGS='-g -O2'
CLASSPATH='.'
CPP='gcc -E'
CPPFLAGS=''
CXX='g++'
CXXCPP='g++ -E'
CXXDEPMODE='depmode=gcc3'
CXXFLAGS='-g -O2'
CYGPATH_W='echo'
DEFS='-DHAVE_CONFIG_H'
DEPDIR='.deps'
DLLTOOL='false'
DSYMUTIL=''
DUMPBIN=''
ECHO_C=''
ECHO_N='-n'
ECHO_T=''
EGREP='/bin/grep -E'
ENABLE_CODABAR_FALSE='#'
ENABLE_CODABAR_TRUE=''
ENABLE_CODE128_FALSE='#'
ENABLE_CODE128_TRUE=''
ENABLE_CODE39_FALSE='#'
ENABLE_CODE39_TRUE=''
ENABLE_CODE93_FALSE='#'
ENABLE_CODE93_TRUE=''
ENABLE_DATABAR_FALSE='#'
ENABLE_DATABAR_TRUE=''
ENABLE_EAN_FALSE='#'
ENABLE_EAN_TRUE=''
ENABLE_I25_FALSE='#'
ENABLE_I25_TRUE=''
ENABLE_PDF417_FALSE=''
ENABLE_PDF417_TRUE='#'
ENABLE_QRCODE_FALSE='#'
ENABLE_QRCODE_TRUE=''
EXEEXT=''
FGREP='/bin/grep -F'
GLIB_GENMARSHAL='glib-genmarshal'
GREP='/bin/grep'
GTK_CFLAGS='-pthread -I/usr/include/gtk-2.0 -I/usr/lib/x86_64-linux-gnu/gtk-2.0/include -I/usr/include/atk-1.0 -I/usr/include/cairo -I/usr/include/gdk-pixbuf-2.0 -I/usr/include/pango-1.0 -I/usr/include/gio-unix-2.0/ -I/usr/include/freetype2 -I/usr/include/glib-2.0 -I/usr/lib/x86_64-linux-gnu/glib-2.0/include -I/usr/include/pixman-1 -I/usr/include/libpng12 -I/usr/include/harfbuzz  '
GTK_LIBS='-pthread -lgtk-x11-2.0 -lgdk-x11-2.0 -latk-1.0 -lgio-2.0 -lpangoft2-1.0 -lpangocairo-1.0 -lgdk_pixbuf-2.0 -lcairo -lpango-1.0 -lfontconfig -lgobject-2.0 -lfreetype -lgthread-2.0 -lglib-2.0  '
HAVE_GTK_FALSE='#'
HAVE_GTK_TRUE=''
HAVE_JAVA_FALSE=''
HAVE_JAVA_TRUE='#'
HAVE_JPEG_FALSE='#'
HAVE_JPEG_TRUE=''
HAVE_MAGICK_FALSE=''
HAVE_MAGICK_TRUE='#'
HAVE_NPAPI_FALSE=''
HAVE_NPAPI_TRUE='#'
HAVE_POLL_FALSE='#'
HAVE_POLL_TRUE=''
HAVE_PYTHON_FALSE=''
HAVE_PYTHON_TRUE='#'
HAVE_QT_FALSE=''
HAVE_QT_TRUE='#'
HAVE_V4L1_FALSE=''
HAVE_V4L1_TRUE='#'
HAVE_V4L2_FALSE=''
HAVE_V4L2_TRUE='#'
HAVE_VIDEO_FALSE=''
HAVE_VIDEO_TRUE='#'
HAVE_XSHM_FALSE='#'
HAVE_XSHM_TRUE=''
HAVE_XV_FALSE=''
HAVE_XV_TRUE='#'
HAVE_X_FALSE='#'
HAVE_X_TRUE=''
INSTALL_DATA='${INSTALL} -m 644'
INSTALL_PROGRAM='${INSTALL}'
INSTALL_SCRIPT='${INSTALL}'
INSTALL_STRIP_PROGRAM='$(install_sh) -c -s'
JAR='/usr/bin/jar'
JAVA='/usr/bin/java'
JAVAC='/usr/bin/javac'
JAVAH='/usr/bin/javah'
JAVA_CFLAGS=''
JAVA_HOME=''
LD='/usr/bin/ld -m elf_x86_64'
LDFLAGS=''
LIBICONV=''
LIBOBJS=''
LIBS='-ljpeg -lpthread '
LIBTOOL='$(SHELL) $(top_builddir)/libtool'
LIB_VERSION='2:0:2'
LIPO=''
LN_S='ln -s'
LTLIBICONV=''
LTLIBOBJS=''
MAGICK_CFLAGS=''
MAGICK_LIBS=''
MAKEINFO='${SHELL} /home/yzatsikha/date_sorted/2015/03_17/ZBar/config/missing makeinfo'
MANIFEST_TOOL=':'
MKDIR_P='/bin/mkdir -p'
MOC=''
NM='/usr/bin/nm -B'
NMEDIT=''
NPAPI_CFLAGS=''
NPAPI_LIBS=''
OBJDUMP='objdump'
OBJEXT='o'
OTOOL64=''
OTOOL=''
PACKAGE='zbar'
PACKAGE_BUGREPORT='spadix@users.sourceforge.net'
PACKAGE_NAME='zbar'
PACKAGE_STRING='zbar 0.10'
PACKAGE_TARNAME='zbar'
PACKAGE_URL=''
PACKAGE_VERSION='0.10'
PATH_SEPARATOR=':'
PKG_CONFIG='/usr/bin/pkg-config'
PKG_CONFIG_LIBDIR=''
PKG_CONFIG_PATH=''
PYGTK_CFLAGS=''
PYGTK_CODEGEN=''
PYGTK_DEFS=''
PYGTK_H2DEF=''
PYGTK_LIBS=''
PYTHON=''
PYTHON_CFLAGS=''
PYTHON_CONFIG=''
PYTHON_EXEC_PREFIX=''
PYTHON_LIBS=''
PYTHON_PLATFORM=''
PYTHON_PREFIX=''
PYTHON_VERSION=''
QT_CFLAGS=''
QT_LIBS=''
RANLIB='ranlib'
RC=''
RELDATE='2009-10-23'
SED='/bin/sed'
SET_MAKE=''
SHELL='/bin/bash'
STRIP='strip'
VERSION='0.10'
WIN32_FALSE=''
WIN32_TRUE='#'
XMKMF=''
XMLTO=':'
XMLTOFLAGS=''
XSHM_LIBS='-lXext'
XV_LIBS='-lXv'
X_CFLAGS=''
X_EXTRA_LIBS=''
X_LIBS=''
X_PRE_LIBS=' -lSM -lICE'
ZGTK_LIB_VERSION='0:2:0'
ZQT_LIB_VERSION='0:2:0'
ac_ct_AR='ar'
ac_ct_CC='gcc'
ac_ct_CXX='g++'
ac_ct_DUMPBIN=''
am__EXEEXT_FALSE=''
am__EXEEXT_TRUE='#'
am__fastdepCC_FALSE='#'
am__fastdepCC_TRUE=''
am__fastdepCXX_FALSE='#'
am__fastdepCXX_TRUE=''
am__include='include'
am__isrc=''
am__leading_dot='.'
am__nodep='_no'
am__quote=''
am__tar='$${TAR-tar} chof - "$$tardir"'
am__untar='$${TAR-tar} xf -'
bindir='${exec_prefix}/bin'
build='x86_64-unknown-linux-gnu'
build_alias=''
build_cpu='x86_64'
build_os='linux-gnu'
build_vendor='unknown'
datadir='${datarootdir}'
datarootdir='${prefix}/share'
docdir='${datarootdir}/doc/${PACKAGE_TARNAME}'
dvidir='${docdir}'
exec_prefix='${prefix}'
host='x86_64-unknown-linux-gnu'
host_alias=''
host_cpu='x86_64'
host_os='linux-gnu'
host_vendor='unknown'
htmldir='${docdir}'
includedir='${prefix}/include'
infodir='${datarootdir}/info'
install_sh='${SHELL} /home/yzatsikha/date_sorted/2015/03_17/ZBar/config/install-sh'
libdir='${exec_prefix}/lib'
libexecdir='${exec_prefix}/libexec'
localedir='${datarootdir}/locale'
localstatedir='${prefix}/var'
mandir='${datarootdir}/man'
mkdir_p='$(MKDIR_P)'
oldincludedir='/usr/include'
pdfdir='${docdir}'
pkgpyexecdir=''
pkgpythondir=''
prefix='/usr/local'
program_transform_name='s,x,x,'
psdir='${docdir}'
pyexecdir=''
pythondir=''
sbindir='${exec_prefix}/sbin'
sharedstatedir='${prefix}/com'
sysconfdir='${prefix}/etc'
target_alias=''

## ----------- ##
## confdefs.h. ##
## ----------- ##

/* confdefs.h */
#define PACKAGE_NAME "zbar"
#define PACKAGE_TARNAME "zbar"
#define PACKAGE_VERSION "0.10"
#define PACKAGE_STRING "zbar 0.10"
#define PACKAGE_BUGREPORT "spadix@users.sourceforge.net"
#define PACKAGE_URL ""
#define PACKAGE "zbar"
#define VERSION "0.10"
#define STDC_HEADERS 1
#define HAVE_SYS_TYPES_H 1
#define HAVE_SYS_STAT_H 1
#define HAVE_STDLIB_H 1
#define HAVE_STRING_H 1
#define HAVE_MEMORY_H 1
#define HAVE_STRINGS_H 1
#define HAVE_INTTYPES_H 1
#define HAVE_STDINT_H 1
#define HAVE_UNISTD_H 1
#define HAVE_DLFCN_H 1
#define LT_OBJDIR ".libs/"
#define ZBAR_VERSION_MAJOR 0
#define ZBAR_VERSION_MINOR 10
#define LIB_VERSION_MAJOR 0
#define LIB_VERSION_MINOR 2
#define LIB_VERSION_REVISION 0
#define ENABLE_EAN 1
#define ENABLE_DATABAR 1
#define ENABLE_CODE128 1
#define ENABLE_CODE93 1
#define ENABLE_CODE39 1
#define ENABLE_CODABAR 1
#define ENABLE_I25 1
#define ENABLE_QRCODE 1
#define HAVE_ICONV 1
#define ICONV_CONST 
#define HAVE_POLL_H 1
#define HAVE_PTHREAD_H 1
#define HAVE_LIBPTHREAD 1
#define __USE_UNIX98 1
#define HAVE_X11_EXTENSIONS_XSHM_H 1
#define HAVE_JPEGLIB_H 1
#define HAVE_LIBJPEG 1
#define HAVE_ERRNO_H 1
#define HAVE_FCNTL_H 1
#define HAVE_FEATURES_H 1
#define HAVE_INTTYPES_H 1
#define HAVE_STDLIB_H 1
#define HAVE_STRING_H 1
#define HAVE_UNISTD_H 1
#define HAVE_SYS_TYPES_H 1
#define HAVE_SYS_STAT_H 1
#define HAVE_SYS_IOCTL_H 1
#define HAVE_SYS_TIME_H 1
#define HAVE_SYS_TIMES_H 1
#define HAVE_SYS_IPC_H 1
#define HAVE_SYS_SHM_H 1
#define HAVE_SYS_MMAN_H 1
#define HAVE_UINTPTR_T 1
#define HAVE_STDLIB_H 1
#define HAVE_UNISTD_H 1
#define HAVE_SYS_PARAM_H 1
#define HAVE_GETPAGESIZE 1
#define HAVE_MMAP 1
#define HAVE_MEMSET 1
#define HAVE_ATEXIT 1
#define HAVE_SETENV 1

configure: exit 0
